<?xml version="1.0" encoding="UTF-8"?>
<!-- Generated by org.testng.reporters.JUnitXMLReporter -->
<testsuite ignored="0" hostname="DESKTOP-H8KOGM6" failures="1" tests="4" name="Loan" time="0.082" errors="0" timestamp="2021-05-23T23:26:50 IST">
  <testcase classname="udemy.test2" name="testing" time="0.0">
    <failure type="org.testng.TestNGException" message="
Parameter &amp;apos;APIKey/username&amp;apos; is required by @Test on method testing but has not been marked @Optional or defined
in C:\Users\Karthik\eclipse-workspace\TestNG\testng4.xml">
      <![CDATA[org.testng.TestNGException: 
Parameter 'APIKey/username' is required by @Test on method testing but has not been marked @Optional or defined
in C:\Users\Karthik\eclipse-workspace\TestNG\testng4.xml
at java.base/java.util.ArrayList.forEach(ArrayList.java:1511)
at java.base/java.util.concurrent.FutureTask.run(FutureTask.java:264)
at java.base/java.util.concurrent.ThreadPoolExecutor.runWorker(ThreadPoolExecutor.java:1130)
at java.base/java.util.concurrent.ThreadPoolExecutor$Worker.run(ThreadPoolExecutor.java:630)
at java.base/java.lang.Thread.run(Thread.java:832)
... Removed 17 stack frames]]>
    </failure>
  </testcase> <!-- testing -->
  <testcase classname="udemy.test2" name="usingData" time="0.002"/>
  <testcase classname="udemy.test2" name="usingData" time="0.002"/>
  <testcase classname="udemy.test2" name="usingData" time="0.003"/>
</testsuite> <!-- Loan -->
